<?xml version="1.0" encoding="UTF-8"?>
<!-- Generated by org.testng.reporters.JUnitReportReporter -->
<testsuite hostname="DESKTOP-1CCS179" failures="0" tests="1" name="com.ds.testBase.TestBase" time="6.836" errors="0" timestamp="2022-11-15T08:55:36 IST" skipped="0">
  <testcase classname="com.ds.testBase.TestBase" name="login" time="6.836"/>
  <system-out/>
</testsuite> <!-- com.ds.testBase.TestBase -->
